<?xml version="1.0" encoding="UTF-8"?>
<testng-results ignored="0" total="2" passed="2" failed="0" skipped="0">
  <reporter-output>
  </reporter-output>
  <suite started-at="2022-11-11T21:21:47 IST" name="Default suite" finished-at="2022-11-11T21:22:07 IST" duration-ms="19891">
    <groups>
    </groups>
    <test started-at="2022-11-11T21:21:47 IST" name="Default test" finished-at="2022-11-11T21:22:07 IST" duration-ms="19891">
      <class name="com.app.base.TestNGSampleAdactinTast">
        <test-method is-config="true" signature="BeforeSuite()[pri:0, instance:com.app.base.TestNGSampleAdactinTast@47987356]" started-at="2022-11-11T21:21:47 IST" name="BeforeSuite" finished-at="2022-11-11T21:21:47 IST" duration-ms="23" status="PASS">
          <reporter-output>
          </reporter-output>
        </test-method> <!-- BeforeSuite -->
        <test-method is-config="true" signature="BeforeClass()[pri:0, instance:com.app.base.TestNGSampleAdactinTast@47987356]" started-at="2022-11-11T21:21:47 IST" name="BeforeClass" finished-at="2022-11-11T21:21:53 IST" duration-ms="5041" status="PASS">
          <reporter-output>
          </reporter-output>
        </test-method> <!-- BeforeClass -->
        <test-method is-config="true" signature="BeforeMethod()[pri:0, instance:com.app.base.TestNGSampleAdactinTast@47987356]" started-at="2022-11-11T21:21:53 IST" name="BeforeMethod" finished-at="2022-11-11T21:21:56 IST" duration-ms="3526" status="PASS">
          <reporter-output>
          </reporter-output>
        </test-method> <!-- BeforeMethod -->
        <test-method signature="InvalidCred()[pri:0, instance:com.app.base.TestNGSampleAdactinTast@47987356]" started-at="2022-11-11T21:21:56 IST" name="InvalidCred" finished-at="2022-11-11T21:21:57 IST" duration-ms="1316" status="PASS">
          <reporter-output>
          </reporter-output>
        </test-method> <!-- InvalidCred -->
        <test-method is-config="true" signature="AfterMethod()[pri:0, instance:com.app.base.TestNGSampleAdactinTast@47987356]" started-at="2022-11-11T21:21:57 IST" name="AfterMethod" finished-at="2022-11-11T21:21:58 IST" duration-ms="1050" status="PASS">
          <reporter-output>
          </reporter-output>
        </test-method> <!-- AfterMethod -->
        <test-method is-config="true" signature="BeforeMethod()[pri:0, instance:com.app.base.TestNGSampleAdactinTast@47987356]" started-at="2022-11-11T21:21:58 IST" name="BeforeMethod" finished-at="2022-11-11T21:21:59 IST" duration-ms="429" status="PASS">
          <reporter-output>
          </reporter-output>
        </test-method> <!-- BeforeMethod -->
        <test-method signature="ValidCred()[pri:0, instance:com.app.base.TestNGSampleAdactinTast@47987356]" started-at="2022-11-11T21:21:59 IST" name="ValidCred" finished-at="2022-11-11T21:22:01 IST" duration-ms="1646" status="PASS">
          <reporter-output>
          </reporter-output>
        </test-method> <!-- ValidCred -->
        <test-method is-config="true" signature="AfterMethod()[pri:0, instance:com.app.base.TestNGSampleAdactinTast@47987356]" started-at="2022-11-11T21:22:01 IST" name="AfterMethod" finished-at="2022-11-11T21:22:01 IST" duration-ms="390" status="PASS">
          <reporter-output>
          </reporter-output>
        </test-method> <!-- AfterMethod -->
        <test-method is-config="true" signature="AfterClass()[pri:0, instance:com.app.base.TestNGSampleAdactinTast@47987356]" started-at="2022-11-11T21:22:01 IST" name="AfterClass" finished-at="2022-11-11T21:22:07 IST" duration-ms="6406" status="PASS">
          <reporter-output>
          </reporter-output>
        </test-method> <!-- AfterClass -->
        <test-method is-config="true" signature="AfterSuite()[pri:0, instance:com.app.base.TestNGSampleAdactinTast@47987356]" started-at="2022-11-11T21:22:07 IST" name="AfterSuite" finished-at="2022-11-11T21:22:07 IST" duration-ms="0" status="PASS">
          <reporter-output>
          </reporter-output>
        </test-method> <!-- AfterSuite -->
      </class> <!-- com.app.base.TestNGSampleAdactinTast -->
    </test> <!-- Default test -->
  </suite> <!-- Default suite -->
</testng-results>
